
    
POST -- /api/user/login -- Mozilla/5.0 (Macintosh; Intel Mac OS X 10_14_6) AppleWebKit/537.36 (KHTML, like Gecko) Chrome/84.0.4147.125 Safari/537.36  /n
    _________________________________________________________________________
    ---undefined --1597812797403
    -------------------------------------------------------------------------
    
POST -- /api/user/logout -- Mozilla/5.0 (Macintosh; Intel Mac OS X 10_14_6) AppleWebKit/537.36 (KHTML, like Gecko) Chrome/84.0.4147.125 Safari/537.36  /n
    _________________________________________________________________________
    ---undefined --1597813257353
    -------------------------------------------------------------------------
    
POST -- /api/user/login -- Mozilla/5.0 (Macintosh; Intel Mac OS X 10_14_6) AppleWebKit/537.36 (KHTML, like Gecko) Chrome/84.0.4147.125 Safari/537.36  /n
    _________________________________________________________________________
    ---undefined --1597813264922
    -------------------------------------------------------------------------
    
POST -- /api/user/logout -- Mozilla/5.0 (Macintosh; Intel Mac OS X 10_14_6) AppleWebKit/537.36 (KHTML, like Gecko) Chrome/84.0.4147.125 Safari/537.36  /n
    _________________________________________________________________________
    ---undefined --1597815513397
    -------------------------------------------------------------------------
    
POST -- /api/user/signup -- Mozilla/5.0 (Macintosh; Intel Mac OS X 10_14_6) AppleWebKit/537.36 (KHTML, like Gecko) Chrome/84.0.4147.125 Safari/537.36  /n
    _________________________________________________________________________
    ---undefined --1597815523096
    -------------------------------------------------------------------------
    
POST -- /api/user/profile -- Mozilla/5.0 (Macintosh; Intel Mac OS X 10_14_6) AppleWebKit/537.36 (KHTML, like Gecko) Chrome/84.0.4147.125 Safari/537.36  /n
    _________________________________________________________________________
    ---undefined --1597815528544
    -------------------------------------------------------------------------
    
POST -- /api/user/login -- Mozilla/5.0 (Macintosh; Intel Mac OS X 10_14_6) AppleWebKit/537.36 (KHTML, like Gecko) Chrome/84.0.4147.125 Safari/537.36  /n
    _________________________________________________________________________
    ---undefined --1597815564425
    -------------------------------------------------------------------------
    
POST -- /api/user/logout -- Mozilla/5.0 (Macintosh; Intel Mac OS X 10_14_6) AppleWebKit/537.36 (KHTML, like Gecko) Chrome/84.0.4147.125 Safari/537.36  /n
    _________________________________________________________________________
    ---undefined --1597817520630
    -------------------------------------------------------------------------
    
POST -- /api/user/login -- Mozilla/5.0 (Macintosh; Intel Mac OS X 10_14_6) AppleWebKit/537.36 (KHTML, like Gecko) Chrome/84.0.4147.125 Safari/537.36  /n
    _________________________________________________________________________
    ---undefined --1597817535309
    -------------------------------------------------------------------------
    
POST -- /api/user/login -- Mozilla/5.0 (Macintosh; Intel Mac OS X 10_14_6) AppleWebKit/537.36 (KHTML, like Gecko) Chrome/84.0.4147.125 Safari/537.36  /n
    _________________________________________________________________________
    ---undefined --1597817537060
    -------------------------------------------------------------------------
    
GET -- /api/schedule/all -- Mozilla/5.0 (Macintosh; Intel Mac OS X 10_14_6) AppleWebKit/537.36 (KHTML, like Gecko) Chrome/84.0.4147.125 Safari/537.36  /n
    _________________________________________________________________________
    ---undefined --1597817595915
    -------------------------------------------------------------------------
    
POST -- /api/user/login -- Mozilla/5.0 (Macintosh; Intel Mac OS X 10_14_6) AppleWebKit/537.36 (KHTML, like Gecko) Chrome/84.0.4147.125 Safari/537.36  /n
    _________________________________________________________________________
    ---undefined --1597817626057
    -------------------------------------------------------------------------
    
POST -- /api/user/login -- Mozilla/5.0 (Macintosh; Intel Mac OS X 10_14_6) AppleWebKit/537.36 (KHTML, like Gecko) Chrome/84.0.4147.125 Safari/537.36  /n
    _________________________________________________________________________
    ---undefined --1597817653910
    -------------------------------------------------------------------------
    
POST -- /api/user/login -- Mozilla/5.0 (Macintosh; Intel Mac OS X 10_14_6) AppleWebKit/537.36 (KHTML, like Gecko) Chrome/84.0.4147.125 Safari/537.36  /n
    _________________________________________________________________________
    ---undefined --1597817654861
    -------------------------------------------------------------------------
    
POST -- /api/user/login -- Mozilla/5.0 (Macintosh; Intel Mac OS X 10_14_6) AppleWebKit/537.36 (KHTML, like Gecko) Chrome/84.0.4147.125 Safari/537.36  /n
    _________________________________________________________________________
    ---undefined --1597817655045
    -------------------------------------------------------------------------
    
POST -- /api/user/login -- Mozilla/5.0 (Macintosh; Intel Mac OS X 10_14_6) AppleWebKit/537.36 (KHTML, like Gecko) Chrome/84.0.4147.125 Safari/537.36  /n
    _________________________________________________________________________
    ---undefined --1597817655239
    -------------------------------------------------------------------------
    
POST -- /api/user/login -- Mozilla/5.0 (Macintosh; Intel Mac OS X 10_14_6) AppleWebKit/537.36 (KHTML, like Gecko) Chrome/84.0.4147.125 Safari/537.36  /n
    _________________________________________________________________________
    ---undefined --1597817686075
    -------------------------------------------------------------------------
    
GET -- /api/schedule/all -- Mozilla/5.0 (Macintosh; Intel Mac OS X 10_14_6) AppleWebKit/537.36 (KHTML, like Gecko) Chrome/84.0.4147.125 Safari/537.36  /n
    _________________________________________________________________________
    ---undefined --1597817715923
    -------------------------------------------------------------------------
    
POST -- /api/user/login -- Mozilla/5.0 (Macintosh; Intel Mac OS X 10_14_6) AppleWebKit/537.36 (KHTML, like Gecko) Chrome/84.0.4147.125 Safari/537.36  /n
    _________________________________________________________________________
    ---undefined --1597818230344
    -------------------------------------------------------------------------
    
POST -- /api/user/logout -- Mozilla/5.0 (Macintosh; Intel Mac OS X 10_14_6) AppleWebKit/537.36 (KHTML, like Gecko) Chrome/84.0.4147.125 Safari/537.36  /n
    _________________________________________________________________________
    ---undefined --1597818474779
    -------------------------------------------------------------------------
    
POST -- /api/user/login -- Mozilla/5.0 (Macintosh; Intel Mac OS X 10_14_6) AppleWebKit/537.36 (KHTML, like Gecko) Chrome/84.0.4147.125 Safari/537.36  /n
    _________________________________________________________________________
    ---undefined --1597818508555
    -------------------------------------------------------------------------
    
GET -- /api/schedule/all -- Mozilla/5.0 (Macintosh; Intel Mac OS X 10_14_6) AppleWebKit/537.36 (KHTML, like Gecko) Chrome/84.0.4147.125 Safari/537.36  /n
    _________________________________________________________________________
    ---undefined --1597818757165
    -------------------------------------------------------------------------
    
GET -- /api/schedule/all -- Mozilla/5.0 (Macintosh; Intel Mac OS X 10_14_6) AppleWebKit/537.36 (KHTML, like Gecko) Chrome/84.0.4147.125 Safari/537.36  /n
    _________________________________________________________________________
    ---undefined --1597818760556
    -------------------------------------------------------------------------
    
GET -- /api/schedule/all -- Mozilla/5.0 (Macintosh; Intel Mac OS X 10_14_6) AppleWebKit/537.36 (KHTML, like Gecko) Chrome/84.0.4147.125 Safari/537.36  /n
    _________________________________________________________________________
    ---undefined --1597818764228
    -------------------------------------------------------------------------
    
GET -- /api/schedule/all -- Mozilla/5.0 (Macintosh; Intel Mac OS X 10_14_6) AppleWebKit/537.36 (KHTML, like Gecko) Chrome/84.0.4147.125 Safari/537.36  /n
    _________________________________________________________________________
    ---undefined --1597818764410
    -------------------------------------------------------------------------
    
GET -- /api/schedule/all -- Mozilla/5.0 (Macintosh; Intel Mac OS X 10_14_6) AppleWebKit/537.36 (KHTML, like Gecko) Chrome/84.0.4147.125 Safari/537.36  /n
    _________________________________________________________________________
    ---undefined --1597818764590
    -------------------------------------------------------------------------
    
GET -- /api/schedule/all -- Mozilla/5.0 (Macintosh; Intel Mac OS X 10_14_6) AppleWebKit/537.36 (KHTML, like Gecko) Chrome/84.0.4147.125 Safari/537.36  /n
    _________________________________________________________________________
    ---undefined --1597818764723
    -------------------------------------------------------------------------
    
POST -- /api/user/login -- Mozilla/5.0 (Macintosh; Intel Mac OS X 10_14_6) AppleWebKit/537.36 (KHTML, like Gecko) Chrome/84.0.4147.125 Safari/537.36  /n
    _________________________________________________________________________
    ---undefined --1597818772712
    -------------------------------------------------------------------------
    
GET -- /api/user/error -- Mozilla/5.0 (Macintosh; Intel Mac OS X 10_14_6) AppleWebKit/537.36 (KHTML, like Gecko) Chrome/84.0.4147.125 Safari/537.36  /n
    _________________________________________________________________________
    ---undefined --1597818990597
    -------------------------------------------------------------------------
    
GET -- /api/user/error -- Mozilla/5.0 (Macintosh; Intel Mac OS X 10_14_6) AppleWebKit/537.36 (KHTML, like Gecko) Chrome/84.0.4147.125 Safari/537.36  /n
    _________________________________________________________________________
    ---undefined --1597819068224
    -------------------------------------------------------------------------
    
GET -- /api/user/error -- Mozilla/5.0 (Macintosh; Intel Mac OS X 10_14_6) AppleWebKit/537.36 (KHTML, like Gecko) Chrome/84.0.4147.125 Safari/537.36  /n
    _________________________________________________________________________
    ---undefined --1597819071824
    -------------------------------------------------------------------------
    
GET -- /api/user/error -- Mozilla/5.0 (Macintosh; Intel Mac OS X 10_14_6) AppleWebKit/537.36 (KHTML, like Gecko) Chrome/84.0.4147.125 Safari/537.36  /n
    _________________________________________________________________________
    ---undefined --1597819075050
    -------------------------------------------------------------------------
    
GET -- /api/user/error -- Mozilla/5.0 (Macintosh; Intel Mac OS X 10_14_6) AppleWebKit/537.36 (KHTML, like Gecko) Chrome/84.0.4147.125 Safari/537.36  /n
    _________________________________________________________________________
    ---undefined --1597819076318
    -------------------------------------------------------------------------
    
GET -- /api/user/error -- Mozilla/5.0 (Macintosh; Intel Mac OS X 10_14_6) AppleWebKit/537.36 (KHTML, like Gecko) Chrome/84.0.4147.125 Safari/537.36  /n
    _________________________________________________________________________
    ---undefined --1597819076929
    -------------------------------------------------------------------------
    
GET -- /api/user/error -- Mozilla/5.0 (Macintosh; Intel Mac OS X 10_14_6) AppleWebKit/537.36 (KHTML, like Gecko) Chrome/84.0.4147.125 Safari/537.36  /n
    _________________________________________________________________________
    ---undefined --1597819082366
    -------------------------------------------------------------------------
    
GET -- /api/user/error -- Mozilla/5.0 (Macintosh; Intel Mac OS X 10_14_6) AppleWebKit/537.36 (KHTML, like Gecko) Chrome/84.0.4147.125 Safari/537.36  /n
    _________________________________________________________________________
    ---undefined --1597819101256
    -------------------------------------------------------------------------
    
GET -- /api/user/signup -- Mozilla/5.0 (Macintosh; Intel Mac OS X 10_14_6) AppleWebKit/537.36 (KHTML, like Gecko) Chrome/84.0.4147.125 Safari/537.36  /n
    _________________________________________________________________________
    ---undefined --1597819110770
    -------------------------------------------------------------------------
    
GET -- /api/schedule/list -- Mozilla/5.0 (Macintosh; Intel Mac OS X 10_14_6) AppleWebKit/537.36 (KHTML, like Gecko) Chrome/84.0.4147.125 Safari/537.36  /n
    _________________________________________________________________________
    ---undefined --1597819123410
    -------------------------------------------------------------------------
    
GET -- /api/schedules/list -- Mozilla/5.0 (Macintosh; Intel Mac OS X 10_14_6) AppleWebKit/537.36 (KHTML, like Gecko) Chrome/84.0.4147.125 Safari/537.36  /n
    _________________________________________________________________________
    ---undefined --1597819132813
    -------------------------------------------------------------------------
    
GET -- /api/schedules/list -- Mozilla/5.0 (Macintosh; Intel Mac OS X 10_14_6) AppleWebKit/537.36 (KHTML, like Gecko) Chrome/84.0.4147.125 Safari/537.36  /n
    _________________________________________________________________________
    ---undefined --1597819143708
    -------------------------------------------------------------------------
    
GET -- /api/schedule/list -- Mozilla/5.0 (Macintosh; Intel Mac OS X 10_14_6) AppleWebKit/537.36 (KHTML, like Gecko) Chrome/84.0.4147.125 Safari/537.36  /n
    _________________________________________________________________________
    ---undefined --1597819149347
    -------------------------------------------------------------------------
    
GET -- /api/user/error -- Mozilla/5.0 (Macintosh; Intel Mac OS X 10_14_6) AppleWebKit/537.36 (KHTML, like Gecko) Chrome/84.0.4147.125 Safari/537.36  /n
    _________________________________________________________________________
    ---undefined --1597819150486
    -------------------------------------------------------------------------
    
GET -- /api/schedule/all -- Mozilla/5.0 (Macintosh; Intel Mac OS X 10_14_6) AppleWebKit/537.36 (KHTML, like Gecko) Chrome/84.0.4147.125 Safari/537.36  /n
    _________________________________________________________________________
    ---undefined --1597819152847
    -------------------------------------------------------------------------
    
GET -- /api/schedule/all -- Mozilla/5.0 (Macintosh; Intel Mac OS X 10_14_6) AppleWebKit/537.36 (KHTML, like Gecko) Chrome/84.0.4147.125 Safari/537.36  /n
    _________________________________________________________________________
    ---undefined --1597819158248
    -------------------------------------------------------------------------
    
GET -- /api/schedule/all -- Mozilla/5.0 (Macintosh; Intel Mac OS X 10_14_6) AppleWebKit/537.36 (KHTML, like Gecko) Chrome/84.0.4147.125 Safari/537.36  /n
    _________________________________________________________________________
    ---undefined --1597819173359
    -------------------------------------------------------------------------
    
GET -- /api/schedule/list -- Mozilla/5.0 (Macintosh; Intel Mac OS X 10_14_6) AppleWebKit/537.36 (KHTML, like Gecko) Chrome/84.0.4147.125 Safari/537.36  /n
    _________________________________________________________________________
    ---undefined --1597819181721
    -------------------------------------------------------------------------
    
GET -- /api/schedule/list -- Mozilla/5.0 (Macintosh; Intel Mac OS X 10_14_6) AppleWebKit/537.36 (KHTML, like Gecko) Chrome/84.0.4147.125 Safari/537.36  /n
    _________________________________________________________________________
    ---undefined --1597819183518
    -------------------------------------------------------------------------
    
GET -- /api/schedule/list -- Mozilla/5.0 (Macintosh; Intel Mac OS X 10_14_6) AppleWebKit/537.36 (KHTML, like Gecko) Chrome/84.0.4147.125 Safari/537.36  /n
    _________________________________________________________________________
    ---undefined --1597819184965
    -------------------------------------------------------------------------
    
GET -- /api/schedule/list -- Mozilla/5.0 (Macintosh; Intel Mac OS X 10_14_6) AppleWebKit/537.36 (KHTML, like Gecko) Chrome/84.0.4147.125 Safari/537.36  /n
    _________________________________________________________________________
    ---undefined --1597819185640
    -------------------------------------------------------------------------
    
GET -- /api/schedule/list -- Mozilla/5.0 (Macintosh; Intel Mac OS X 10_14_6) AppleWebKit/537.36 (KHTML, like Gecko) Chrome/84.0.4147.125 Safari/537.36  /n
    _________________________________________________________________________
    ---undefined --1597819205240
    -------------------------------------------------------------------------
    
GET -- /api/schedule/list -- Mozilla/5.0 (Macintosh; Intel Mac OS X 10_14_6) AppleWebKit/537.36 (KHTML, like Gecko) Chrome/84.0.4147.125 Safari/537.36  /n
    _________________________________________________________________________
    ---undefined --1597819230824
    -------------------------------------------------------------------------
    
GET -- /api/schedule/list -- Mozilla/5.0 (Macintosh; Intel Mac OS X 10_14_6) AppleWebKit/537.36 (KHTML, like Gecko) Chrome/84.0.4147.125 Safari/537.36  /n
    _________________________________________________________________________
    ---undefined --1597819234858
    -------------------------------------------------------------------------
    
GET -- /api/schedule/list -- Mozilla/5.0 (Macintosh; Intel Mac OS X 10_14_6) AppleWebKit/537.36 (KHTML, like Gecko) Chrome/84.0.4147.125 Safari/537.36  /n
    _________________________________________________________________________
    ---undefined --1597819237816
    -------------------------------------------------------------------------
    
GET -- /api/schedule/list -- Mozilla/5.0 (Macintosh; Intel Mac OS X 10_14_6) AppleWebKit/537.36 (KHTML, like Gecko) Chrome/84.0.4147.125 Safari/537.36  /n
    _________________________________________________________________________
    ---undefined --1597819238621
    -------------------------------------------------------------------------
    
GET -- /api/user/error -- Mozilla/5.0 (Macintosh; Intel Mac OS X 10_14_6) AppleWebKit/537.36 (KHTML, like Gecko) Chrome/84.0.4147.125 Safari/537.36  /n
    _________________________________________________________________________
    ---undefined --1597819265047
    -------------------------------------------------------------------------
    
GET -- /api/user/error -- Mozilla/5.0 (Macintosh; Intel Mac OS X 10_14_6) AppleWebKit/537.36 (KHTML, like Gecko) Chrome/84.0.4147.125 Safari/537.36  /n
    _________________________________________________________________________
    ---undefined --1597819270827
    -------------------------------------------------------------------------
    
GET -- /api/user/error -- Mozilla/5.0 (Macintosh; Intel Mac OS X 10_14_6) AppleWebKit/537.36 (KHTML, like Gecko) Chrome/84.0.4147.125 Safari/537.36  /n
    _________________________________________________________________________
    ---undefined --1597819277397
    -------------------------------------------------------------------------
    
GET -- /api/user/error -- Mozilla/5.0 (Macintosh; Intel Mac OS X 10_14_6) AppleWebKit/537.36 (KHTML, like Gecko) Chrome/84.0.4147.125 Safari/537.36  /n
    _________________________________________________________________________
    ---undefined --1597819289224
    -------------------------------------------------------------------------
    
GET -- /api/user/error -- Mozilla/5.0 (Macintosh; Intel Mac OS X 10_14_6) AppleWebKit/537.36 (KHTML, like Gecko) Chrome/84.0.4147.125 Safari/537.36  /n
    _________________________________________________________________________
    ---undefined --1597819295008
    -------------------------------------------------------------------------
    
GET -- /api/schedule/all -- Mozilla/5.0 (Macintosh; Intel Mac OS X 10_14_6) AppleWebKit/537.36 (KHTML, like Gecko) Chrome/84.0.4147.125 Safari/537.36  /n
    _________________________________________________________________________
    ---undefined --1597819307992
    -------------------------------------------------------------------------
    
GET -- /api/schedule/all -- Mozilla/5.0 (Macintosh; Intel Mac OS X 10_14_6) AppleWebKit/537.36 (KHTML, like Gecko) Chrome/84.0.4147.125 Safari/537.36  /n
    _________________________________________________________________________
    ---undefined --1597819319968
    -------------------------------------------------------------------------
    
GET -- /api/schedule/all -- Mozilla/5.0 (Macintosh; Intel Mac OS X 10_14_6) AppleWebKit/537.36 (KHTML, like Gecko) Chrome/84.0.4147.125 Safari/537.36  /n
    _________________________________________________________________________
    ---undefined --1597819320991
    -------------------------------------------------------------------------
    
GET -- /api/schedule/all -- Mozilla/5.0 (Macintosh; Intel Mac OS X 10_14_6) AppleWebKit/537.36 (KHTML, like Gecko) Chrome/84.0.4147.125 Safari/537.36  /n
    _________________________________________________________________________
    ---undefined --1597819325930
    -------------------------------------------------------------------------
    
GET -- /api/schedule/all -- Mozilla/5.0 (Macintosh; Intel Mac OS X 10_14_6) AppleWebKit/537.36 (KHTML, like Gecko) Chrome/84.0.4147.125 Safari/537.36  /n
    _________________________________________________________________________
    ---undefined --1597819326721
    -------------------------------------------------------------------------
    
GET -- /api/schedule/all -- Mozilla/5.0 (Macintosh; Intel Mac OS X 10_14_6) AppleWebKit/537.36 (KHTML, like Gecko) Chrome/84.0.4147.125 Safari/537.36  /n
    _________________________________________________________________________
    ---undefined --1597819349626
    -------------------------------------------------------------------------
    
GET -- /api/schedule/all -- Mozilla/5.0 (Macintosh; Intel Mac OS X 10_14_6) AppleWebKit/537.36 (KHTML, like Gecko) Chrome/84.0.4147.125 Safari/537.36  /n
    _________________________________________________________________________
    ---undefined --1597819379733
    -------------------------------------------------------------------------
    
GET -- /api/schedule/all -- Mozilla/5.0 (Macintosh; Intel Mac OS X 10_14_6) AppleWebKit/537.36 (KHTML, like Gecko) Chrome/84.0.4147.125 Safari/537.36  /n
    _________________________________________________________________________
    ---undefined --1597819381577
    -------------------------------------------------------------------------
    
GET -- /api/schedule/all -- Mozilla/5.0 (Macintosh; Intel Mac OS X 10_14_6) AppleWebKit/537.36 (KHTML, like Gecko) Chrome/84.0.4147.125 Safari/537.36  /n
    _________________________________________________________________________
    ---undefined --1597819384360
    -------------------------------------------------------------------------
    
GET -- /api/schedule/all -- Mozilla/5.0 (Macintosh; Intel Mac OS X 10_14_6) AppleWebKit/537.36 (KHTML, like Gecko) Chrome/84.0.4147.125 Safari/537.36  /n
    _________________________________________________________________________
    ---undefined --1597819385503
    -------------------------------------------------------------------------
    
GET -- /api/schedule/all -- Mozilla/5.0 (Macintosh; Intel Mac OS X 10_14_6) AppleWebKit/537.36 (KHTML, like Gecko) Chrome/84.0.4147.125 Safari/537.36  /n
    _________________________________________________________________________
    ---undefined --1597819402252
    -------------------------------------------------------------------------
    
GET -- /api/schedule/all -- Mozilla/5.0 (Macintosh; Intel Mac OS X 10_14_6) AppleWebKit/537.36 (KHTML, like Gecko) Chrome/84.0.4147.125 Safari/537.36  /n
    _________________________________________________________________________
    ---undefined --1597819403399
    -------------------------------------------------------------------------
    
GET -- /api/schedule/all -- Mozilla/5.0 (Macintosh; Intel Mac OS X 10_14_6) AppleWebKit/537.36 (KHTML, like Gecko) Chrome/84.0.4147.125 Safari/537.36  /n
    _________________________________________________________________________
    ---undefined --1597819404293
    -------------------------------------------------------------------------
    
GET -- /api/schedule/all -- Mozilla/5.0 (Macintosh; Intel Mac OS X 10_14_6) AppleWebKit/537.36 (KHTML, like Gecko) Chrome/84.0.4147.125 Safari/537.36  /n
    _________________________________________________________________________
    ---undefined --1597819405052
    -------------------------------------------------------------------------
    
GET -- /api/schedule/all -- Mozilla/5.0 (Macintosh; Intel Mac OS X 10_14_6) AppleWebKit/537.36 (KHTML, like Gecko) Chrome/84.0.4147.125 Safari/537.36  /n
    _________________________________________________________________________
    ---undefined --1597819405768
    -------------------------------------------------------------------------
    
GET -- /api/schedule/all -- Mozilla/5.0 (Macintosh; Intel Mac OS X 10_14_6) AppleWebKit/537.36 (KHTML, like Gecko) Chrome/84.0.4147.125 Safari/537.36  /n
    _________________________________________________________________________
    ---undefined --1597819406796
    -------------------------------------------------------------------------
    
GET -- /api/schedule/all -- Mozilla/5.0 (Macintosh; Intel Mac OS X 10_14_6) AppleWebKit/537.36 (KHTML, like Gecko) Chrome/84.0.4147.125 Safari/537.36  /n
    _________________________________________________________________________
    ---undefined --1597819425201
    -------------------------------------------------------------------------
    
GET -- /api/schedule/all -- Mozilla/5.0 (Macintosh; Intel Mac OS X 10_14_6) AppleWebKit/537.36 (KHTML, like Gecko) Chrome/84.0.4147.125 Safari/537.36  /n
    _________________________________________________________________________
    ---undefined --1597819426601
    -------------------------------------------------------------------------
    
GET -- /api/schedule/all -- Mozilla/5.0 (Macintosh; Intel Mac OS X 10_14_6) AppleWebKit/537.36 (KHTML, like Gecko) Chrome/84.0.4147.125 Safari/537.36  /n
    _________________________________________________________________________
    ---undefined --1597819427713
    -------------------------------------------------------------------------
    
GET -- /api/user/error -- Mozilla/5.0 (Macintosh; Intel Mac OS X 10_14_6) AppleWebKit/537.36 (KHTML, like Gecko) Chrome/84.0.4147.125 Safari/537.36  /n
    _________________________________________________________________________
    ---undefined --1597819434001
    -------------------------------------------------------------------------
    
GET -- /api/user/error -- Mozilla/5.0 (Macintosh; Intel Mac OS X 10_14_6) AppleWebKit/537.36 (KHTML, like Gecko) Chrome/84.0.4147.125 Safari/537.36  /n
    _________________________________________________________________________
    ---undefined --1597819437872
    -------------------------------------------------------------------------
    
GET -- /api/user/error -- Mozilla/5.0 (Macintosh; Intel Mac OS X 10_14_6) AppleWebKit/537.36 (KHTML, like Gecko) Chrome/84.0.4147.125 Safari/537.36  /n
    _________________________________________________________________________
    ---undefined --1597819442962
    -------------------------------------------------------------------------
    
GET -- /api/schedule/list -- Mozilla/5.0 (Macintosh; Intel Mac OS X 10_14_6) AppleWebKit/537.36 (KHTML, like Gecko) Chrome/84.0.4147.125 Safari/537.36  /n
    _________________________________________________________________________
    ---undefined --1597819443523
    -------------------------------------------------------------------------
    
